<?xml version="1.0" encoding="UTF-8"?>
<!-- Generated by org.testng.reporters.JUnitReportReporter -->
<testsuite hostname="Sureshs-MacBook-Air.local" failures="0" tests="1" name="testscripts.SeleniumPracticeScenario" time="8.122" errors="0" timestamp="2025-02-01T20:47:01 IST" skipped="0">
  <testcase classname="testscripts.SeleniumPracticeScenario" name="MyWebSiteTest" time="8.122"/>
  <system-out/>
</testsuite> <!-- testscripts.SeleniumPracticeScenario -->
