<?xml version="1.0" encoding="UTF-8"?>
<!-- Generated by org.testng.reporters.JUnitReportReporter -->
<testsuite hostname="Sureshs-MacBook-Air.local" failures="0" tests="1" name="testscripts.SeleniumPracticeScenario" time="8.171" errors="0" timestamp="2025-02-01T21:00:54 IST" skipped="0">
  <testcase classname="testscripts.SeleniumPracticeScenario" name="MyWebSiteTest" time="8.171"/>
  <system-out/>
</testsuite> <!-- testscripts.SeleniumPracticeScenario -->
